<conduit>
  <defaults>
    <rootdir>/conduitlastfile</rootdir>
    <retentioninhours>24</retentioninhours>
    <trashretentioninhours>48</trashretentioninhours>
  </defaults>

  <streams>
    <stream name="test1">
      <sources>
        <source>
          <name>testcluster1</name>
          <retentioninhours>24</retentioninhours>
        </source>
      </sources>
      <destinations>
        <destination>
          <primary>true</primary>
          <name>testcluster2</name>
          <retentioninhours>24</retentioninhours>
        </destination>
        <destination>
          <name>testcluster1</name>
          <retentioninhours>24</retentioninhours>
        </destination>
      </destinations>
    </stream>
    <stream name="test2">
      <sources>
        <source>
          <name>testcluster1</name>
          <retentioninhours>24</retentioninhours>
        </source>
      </sources>
      <destinations>
        <destination>
          <primary>true</primary>
          <name>testcluster2</name>
          <retentioninhours>24</retentioninhours>
        </destination>
        <destination>
          <name>testcluster1</name>
          <retentioninhours>24</retentioninhours>
        </destination>
      </destinations>
    </stream>
  </streams>

  <clusters>
    <cluster name="testcluster1"
             hdfsurl="file:///tmp/conduitlastprocessed/testcluster1"
             jturl="local" jobqueuename="default">
    </cluster>
    <cluster name="testcluster2"
             hdfsurl="file:////tmp/conduitlastprocessed/testcluster2"
             jturl="local" jobqueuename="default">
    </cluster>
  </clusters>
</conduit>
