<databus>
	<defaults>
		<rootdir>/localstreamcommit</rootdir>
		<retentioninhours>24</retentioninhours>
		<trashretentioninhours>48</trashretentioninhours>
	</defaults>

	<!-- A stream can have only one primary and multiple mirrors as destinations -->
	<streams>
		<stream name="stream1">
			<sources>
				<source>
					<name>testcluster1</name>
					<retentioninhours>24</retentioninhours>
				</source>
				<source>
					<name>testcluster2</name>
					<retentioninhours>24</retentioninhours>
				</source>
			</sources>
			<destinations>
				<destination>
					<primary>true</primary>
					<name>testcluster2</name>
					<retentioninhours>24</retentioninhours>
				</destination>
			</destinations>
		</stream>
		<stream name="stream2">
			<sources>
				<source>
					<name>testcluster1</name>
					<retentioninhours>24</retentioninhours>
				</source>

			</sources>
			<destinations>
				<destination>
					<primary>true</primary>
					<name>testcluster1</name>
					<retentioninhours>24</retentioninhours>
				</destination>
				<destination>
					<name>testcluster2</name>
					<retentioninhours>24</retentioninhours>
				</destination>
			</destinations>
		</stream>
	</streams>

	<clusters>
		<cluster name="testcluster1" hdfsurl="file:///tmp/databussimpleservice/testcluster1"
			jturl="local" jobqueuename="default">
		</cluster>
		<cluster name="testcluster2" hdfsurl="file:////tmp/databussimpleservice/testcluster2"
			jturl="local" jobqueuename="default">
		</cluster>
		<cluster name="testcluster3" hdfsurl="file:////tmp/databussimpleservice/testcluster3"
			jturl="local" jobqueuename="default">
		</cluster>
	</clusters>
</databus>
